#
# There is insufficient memory for the Java Runtime Environment to continue.
# Native memory allocation (mmap) failed to map 134217728 bytes for G1 virtual space
# Possible reasons:
#   The system is out of physical RAM or swap space
#   The process is running with CompressedOops enabled, and the Java Heap may be blocking the growth of the native heap
# Possible solutions:
#   Reduce memory load on the system
#   Increase physical memory or swap space
#   Check if swap backing store is full
#   Decrease Java heap size (-Xmx/-Xms)
#   Decrease number of Java threads
#   Decrease Java thread stack sizes (-Xss)
#   Set larger code cache with -XX:ReservedCodeCacheSize=
#   JVM is running with Unscaled Compressed Oops mode in which the Java heap is
#     placed in the first 4GB address space. The Java Heap base address is the
#     maximum limit for the native heap growth. Please use -XX:HeapBaseMinAddress
#     to set the Java Heap base and to place the Java Heap above 4GB virtual address.
# This output file may be truncated or incomplete.
#
#  Out of Memory Error (./open/src/hotspot/os/windows/os_windows.cpp:3321), pid=2216, tid=1812
#
# JRE version:  (15.0.2+7) (build )
# Java VM: OpenJDK 64-Bit Server VM (15.0.2+7-27, mixed mode, sharing, tiered, compressed oops, g1 gc, windows-amd64)
# No core dump will be written. Minidumps are not enabled by default on client versions of Windows
#

---------------  S U M M A R Y ------------

Command Line: -Dfile.encoding=Cp1252 -XX:+ShowCodeDetailsInExceptionMessages Appli_class

Host: Intel(R) Core(TM) i5-6200U CPU @ 2.30GHz, 4 cores, 7G,  Windows 10 , 64 bit Build 19041 (10.0.19041.1503)
Time: Tue Mar 15 14:24:37 2022 Afr. centrale Ouest elapsed time: 0.321144 seconds (0d 0h 0m 0s)

---------------  T H R E A D  ---------------

Current thread (0x000001a2a48155c0):  JavaThread "Unknown thread" [_thread_in_vm, id=1812, stack(0x00000027de400000,0x00000027de500000)]

Stack: [0x00000027de400000,0x00000027de500000]
Native frames: (J=compiled Java code, j=interpreted, Vv=VM code, C=native code)
V  [jvm.dll+0x62ae9a]
V  [jvm.dll+0x7817a9]
V  [jvm.dll+0x782f03]
V  [jvm.dll+0x783563]
V  [jvm.dll+0x216325]
V  [jvm.dll+0x6281d9]
V  [jvm.dll+0x61cf55]
V  [jvm.dll+0x2cffdd]
V  [jvm.dll+0x2cfe42]
V  [jvm.dll+0x2d5e1c]
V  [jvm.dll+0x32590a]
V  [jvm.dll+0x324fd4]
V  [jvm.dll+0x2a6f5a]
V  [jvm.dll+0x2a80f8]
V  [jvm.dll+0x75e241]
V  [jvm.dll+0x3341c4]
V  [jvm.dll+0x73e926]
V  [jvm.dll+0x3b7557]
V  [jvm.dll+0x3b8fe1]
C  [jli.dll+0x52fb]
C  [ucrtbase.dll+0x21bb2]
C  [KERNEL32.DLL+0x17034]
C  [ntdll.dll+0x52651]


---------------  P R O C E S S  ---------------

Threads class SMR info:
_java_thread_list=0x00007fffc2e74ff0, length=0, elements={
}

Java Threads: ( => current thread )

Other Threads:
  0x000001a2a4856e30 GCTaskThread "GC Thread#0" [stack: 0x00000027de500000,0x00000027de600000] [id=3040]
  0x000001a2a48685b0 ConcurrentGCThread "G1 Main Marker" [stack: 0x00000027de600000,0x00000027de700000] [id=1704]
  0x000001a2a4869220 ConcurrentGCThread "G1 Conc#0" [stack: 0x00000027de700000,0x00000027de800000] [id=9492]

[error occurred during error reporting (printing all threads), id 0xc0000005, EXCEPTION_ACCESS_VIOLATION (0xc0000005) at pc=0x00007fffc2667e27]

VM state: not at safepoint (not fully initialized)

VM Mutex/Monitor currently owned by a thread:  ([mutex/lock_event])
[0x000001a2a4811b40] Heap_lock - owner thread: 0x000001a2a48155c0

Heap address: 0x0000000081e00000, size: 2018 MB, Compressed Oops mode: 32-bit
CDS archive(s) mapped at: [0x0000000000000000-0x0000000000000000-0x0000000000000000), size 0, SharedBaseAddress: 0x0000000800000000, ArchiveRelocationMode: 0.
Narrow klass base: 0x0000000000000000, Narrow klass shift: 0, Narrow klass range: 0x0

Heap:
 garbage-first heap   total 131072K, used 0K [0x0000000081e00000, 0x0000000100000000)
  region size 1024K, 0 young (0K), 0 survivors (0K)
 Metaspace       used 0K, capacity 0K, committed 0K, reserved 0K
  class space    used 0K, capacity 0K, committed 0K, reserved 0K

Heap Regions: E=young(eden), S=young(survivor), O=old, HS=humongous(starts), HC=humongous(continues), CS=collection set, F=free, OA=open archive, CA=closed archive, TAMS=top-at-mark-start (previous, next)

Card table byte_map: [0x000001a2b7630000,0x000001a2b7a30000] _byte_map_base: 0x000001a2b7221000

Marking Bits (Prev, Next): (CMBitMap*) 0x000001a2a48576a0, (CMBitMap*) 0x000001a2a48576e0
 Prev Bits: [0x000001a2b7e30000, 0x000001a2b9db8000)
 Next Bits: [0x000001a2b9dc0000, 0x000001a2bbd48000)

GC Heap History (0 events):
No events

Deoptimization events (0 events):
No events

Classes unloaded (0 events):
No events

Classes redefined (0 events):
No events

Internal exceptions (0 events):
No events

Events (1 events):
Event: 0.011 Loaded shared library D:\U\licence2 GT-TIC\Java\eclipse-jee-2021-03-R-win32-x86_64\eclipse\plugins\org.eclipse.justj.openjdk.hotspot.jre.full.win32.x86_64_15.0.2.v20210201-0955\jre\bin\java.dll


Dynamic libraries:
0x00007ff7c4590000 - 0x00007ff7c459d000 	D:\U\licence2 GT-TIC\Java\eclipse-jee-2021-03-R-win32-x86_64\eclipse\plugins\org.eclipse.justj.openjdk.hotspot.jre.full.win32.x86_64_15.0.2.v20210201-0955\jre\bin\javaw.exe
0x00007ff8008f0000 - 0x00007ff800ae5000 	C:\WINDOWS\SYSTEM32\ntdll.dll
0x00007fffd51b0000 - 0x00007fffd51c6000 	C:\Program Files\Avast Software\Avast\aswhook.dll
0x00007ff800790000 - 0x00007ff80084e000 	C:\WINDOWS\System32\KERNEL32.DLL
0x00007ffffdff0000 - 0x00007ffffe2b8000 	C:\WINDOWS\System32\KERNELBASE.dll
0x00007ffffe3b0000 - 0x00007ffffe4b0000 	C:\WINDOWS\System32\ucrtbase.dll
0x00007ffff85c0000 - 0x00007ffff85d8000 	D:\U\licence2 GT-TIC\Java\eclipse-jee-2021-03-R-win32-x86_64\eclipse\plugins\org.eclipse.justj.openjdk.hotspot.jre.full.win32.x86_64_15.0.2.v20210201-0955\jre\bin\jli.dll
0x00007ffff85a0000 - 0x00007ffff85b9000 	D:\U\licence2 GT-TIC\Java\eclipse-jee-2021-03-R-win32-x86_64\eclipse\plugins\org.eclipse.justj.openjdk.hotspot.jre.full.win32.x86_64_15.0.2.v20210201-0955\jre\bin\VCRUNTIME140.dll
0x00007fffff110000 - 0x00007fffff2b0000 	C:\WINDOWS\System32\USER32.dll
0x00007ffffe4b0000 - 0x00007ffffe4d2000 	C:\WINDOWS\System32\win32u.dll
0x00007ffff32d0000 - 0x00007ffff356a000 	C:\WINDOWS\WinSxS\amd64_microsoft.windows.common-controls_6595b64144ccf1df_6.0.19041.1110_none_60b5254171f9507e\COMCTL32.dll
0x00007ff800010000 - 0x00007ff80003b000 	C:\WINDOWS\System32\GDI32.dll
0x00007fffff970000 - 0x00007fffffa0e000 	C:\WINDOWS\System32\msvcrt.dll
0x00007ffffe550000 - 0x00007ffffe65d000 	C:\WINDOWS\System32\gdi32full.dll
0x00007ffffe2c0000 - 0x00007ffffe35d000 	C:\WINDOWS\System32\msvcp_win.dll
0x00007fffffc60000 - 0x00007fffffc90000 	C:\WINDOWS\System32\IMM32.DLL
0x00007ffff8590000 - 0x00007ffff859c000 	D:\U\licence2 GT-TIC\Java\eclipse-jee-2021-03-R-win32-x86_64\eclipse\plugins\org.eclipse.justj.openjdk.hotspot.jre.full.win32.x86_64_15.0.2.v20210201-0955\jre\bin\vcruntime140_1.dll
0x00007fffefc50000 - 0x00007fffefce1000 	D:\U\licence2 GT-TIC\Java\eclipse-jee-2021-03-R-win32-x86_64\eclipse\plugins\org.eclipse.justj.openjdk.hotspot.jre.full.win32.x86_64_15.0.2.v20210201-0955\jre\bin\msvcp140.dll
0x00007fffc23b0000 - 0x00007fffc2f0e000 	D:\U\licence2 GT-TIC\Java\eclipse-jee-2021-03-R-win32-x86_64\eclipse\plugins\org.eclipse.justj.openjdk.hotspot.jre.full.win32.x86_64_15.0.2.v20210201-0955\jre\bin\server\jvm.dll
0x00007ffffebe0000 - 0x00007ffffec8e000 	C:\WINDOWS\System32\ADVAPI32.dll
0x00007fffff710000 - 0x00007fffff7ac000 	C:\WINDOWS\System32\sechost.dll
0x00007ffffea20000 - 0x00007ffffeb45000 	C:\WINDOWS\System32\RPCRT4.dll
0x00007fffff2b0000 - 0x00007fffff2b8000 	C:\WINDOWS\System32\PSAPI.DLL
0x00007fffe7830000 - 0x00007fffe7839000 	C:\WINDOWS\SYSTEM32\WSOCK32.dll
0x00007fffffb40000 - 0x00007fffffbab000 	C:\WINDOWS\System32\WS2_32.dll
0x00007ffff6a90000 - 0x00007ffff6a9a000 	C:\WINDOWS\SYSTEM32\VERSION.dll
0x00007ffff3790000 - 0x00007ffff37b7000 	C:\WINDOWS\SYSTEM32\WINMM.dll
0x00007ffffbee0000 - 0x00007ffffbef2000 	C:\WINDOWS\SYSTEM32\kernel.appcore.dll
0x00007ffff7b50000 - 0x00007ffff7b5a000 	D:\U\licence2 GT-TIC\Java\eclipse-jee-2021-03-R-win32-x86_64\eclipse\plugins\org.eclipse.justj.openjdk.hotspot.jre.full.win32.x86_64_15.0.2.v20210201-0955\jre\bin\jimage.dll
0x00007ffff43c0000 - 0x00007ffff45a4000 	C:\WINDOWS\SYSTEM32\DBGHELP.DLL
0x00007ffff4930000 - 0x00007ffff495c000 	C:\WINDOWS\SYSTEM32\dbgcore.DLL
0x00007ffffe7c0000 - 0x00007ffffe842000 	C:\WINDOWS\System32\bcryptPrimitives.dll
0x00007ffff4900000 - 0x00007ffff4925000 	D:\U\licence2 GT-TIC\Java\eclipse-jee-2021-03-R-win32-x86_64\eclipse\plugins\org.eclipse.justj.openjdk.hotspot.jre.full.win32.x86_64_15.0.2.v20210201-0955\jre\bin\java.dll

dbghelp: loaded successfully - version: 4.0.5 - missing functions: none
symbol engine: initialized successfully - sym options: 0x614 - pdb path: .;D:\U\licence2 GT-TIC\Java\eclipse-jee-2021-03-R-win32-x86_64\eclipse\plugins\org.eclipse.justj.openjdk.hotspot.jre.full.win32.x86_64_15.0.2.v20210201-0955\jre\bin;C:\WINDOWS\SYSTEM32;C:\Program Files\Avast Software\Avast;C:\WINDOWS\WinSxS\amd64_microsoft.windows.common-controls_6595b64144ccf1df_6.0.19041.1110_none_60b5254171f9507e;D:\U\licence2 GT-TIC\Java\eclipse-jee-2021-03-R-win32-x86_64\eclipse\plugins\org.eclipse.justj.openjdk.hotspot.jre.full.win32.x86_64_15.0.2.v20210201-0955\jre\bin\server

VM Arguments:
jvm_args: -Dfile.encoding=Cp1252 -XX:+ShowCodeDetailsInExceptionMessages 
java_command: Appli_class
java_class_path (initial): D:\U\licence2 GT-TIC\Java\program\appli_cours\Application_page6\bin
Launcher Type: SUN_STANDARD

[Global flags]
     intx CICompilerCount                          = 3                                         {product} {ergonomic}
     uint ConcGCThreads                            = 1                                         {product} {ergonomic}
     uint G1ConcRefinementThreads                  = 4                                         {product} {ergonomic}
   size_t G1HeapRegionSize                         = 1048576                                   {product} {ergonomic}
    uintx GCDrainStackTargetSize                   = 64                                        {product} {ergonomic}
   size_t InitialHeapSize                          = 134217728                                 {product} {ergonomic}
   size_t MarkStackSize                            = 4194304                                   {product} {ergonomic}
   size_t MaxHeapSize                              = 2116026368                                {product} {ergonomic}
   size_t MinHeapDeltaBytes                        = 1048576                                   {product} {ergonomic}
   size_t MinHeapSize                              = 8388608                                   {product} {ergonomic}
    uintx NonNMethodCodeHeapSize                   = 5832780                                {pd product} {ergonomic}
    uintx NonProfiledCodeHeapSize                  = 122912730                              {pd product} {ergonomic}
    uintx ProfiledCodeHeapSize                     = 122912730                              {pd product} {ergonomic}
    uintx ReservedCodeCacheSize                    = 251658240                              {pd product} {ergonomic}
     bool SegmentedCodeCache                       = true                                      {product} {ergonomic}
     bool ShowCodeDetailsInExceptionMessages       = true                                   {manageable} {command line}
   size_t SoftMaxHeapSize                          = 2116026368                             {manageable} {ergonomic}
     bool UseCompressedClassPointers               = true                                 {lp64_product} {ergonomic}
     bool UseCompressedOops                        = true                                 {lp64_product} {ergonomic}
     bool UseG1GC                                  = true                                      {product} {ergonomic}
     bool UseLargePagesIndividualAllocation        = false                                  {pd product} {ergonomic}

Logging:
Log output configuration:
 #0: stdout all=warning uptime,level,tags
 #1: stderr all=off uptime,level,tags

Environment Variables:
PATH=D:/U/licence2 GT-TIC/Java/eclipse-jee-2021-03-R-win32-x86_64/eclipse//plugins/org.eclipse.justj.openjdk.hotspot.jre.full.win32.x86_64_15.0.2.v20210201-0955/jre/bin/server;D:/U/licence2 GT-TIC/Java/eclipse-jee-2021-03-R-win32-x86_64/eclipse//plugins/org.eclipse.justj.openjdk.hotspot.jre.full.win32.x86_64_15.0.2.v20210201-0955/jre/bin;D:\programmes\bin;C:\WinAVR-20100110\bin;C:\WinAVR-20100110\utils\bin;C:\WINDOWS\system32;C:\WINDOWS;C:\WINDOWS\System32\Wbem;C:\WINDOWS\System32\WindowsPowerShell\v1.0\;C:\WINDOWS\System32\OpenSSH\;C:\Program Files\PostgreSQL\13\bin;C:\Users\Iudhael ADIKPETO\AppData\Local\Programs\Python\Python39;C:\Users\Iudhael ADIKPETO\AppData\Local\Programs\Python\Python39\Scripts;C:\Program Files\MATLAB\R2018a\runtime\win64;C:\Program Files\MATLAB\R2018a\bin;C:\Users\Iudhael ADIKPETO\AppData\Local\Programs\Python\Python39\Scripts\;C:\Users\Iudhael ADIKPETO\AppData\Local\Programs\Python\Python39\;C:\Users\Iudhael ADIKPETO\AppData\Local\Microsoft\WindowsApps;C:\Program Files\JetBrains\PyCharm Community Edition 2021.1.3\bin;;C:\Program Files\heroku\bin;D:\U\licence2 GT-TIC\Java\eclipse-jee-2021-03-R-win32-x86_64\eclipse;
USERNAME=Iudhael ADIKPETO
OS=Windows_NT
PROCESSOR_IDENTIFIER=Intel64 Family 6 Model 78 Stepping 3, GenuineIntel



---------------  S Y S T E M  ---------------

OS:
 Windows 10 , 64 bit Build 19041 (10.0.19041.1503)
OS uptime: 1 days 19:22 hours

CPU: total 4 (initial active 4) (2 cores per cpu, 2 threads per core) family 6 model 78 stepping 3 microcode 0xcc, cmov, cx8, fxsr, mmx, sse, sse2, sse3, ssse3, sse4.1, sse4.2, popcnt, vzeroupper, avx, avx2, aes, clmul, erms, 3dnowpref, lzcnt, ht, tsc, tscinvbit, bmi1, bmi2, adx, fma, clflush, clflushopt

Memory: 4k page, system-wide physical 8065M (3119M free)
TotalPageFile size 11276M (AvailPageFile size 5M)
current process WorkingSet (physical memory assigned to process): 10M, peak: 10M
current process commit charge ("private bytes"): 52M, peak: 179M

vm_info: OpenJDK 64-Bit Server VM (15.0.2+7-27) for windows-amd64 JRE (15.0.2+7-27), built on Dec  7 2020 20:02:38 by "mach5one" with unknown MS VC++:1925

END.
